0 info it worked if it ends with ok
1 verbose cli [ '/usr/local/bin/node',
1 verbose cli   '/usr/local/bin/npm',
1 verbose cli   'install',
1 verbose cli   '-g',
1 verbose cli   'xml2json-command' ]
2 info using npm@1.4.28
3 info using node@v0.10.32
4 verbose cache add [ 'xml2json-command', null ]
5 verbose cache add name=undefined spec="xml2json-command" args=["xml2json-command",null]
6 verbose parsed url { protocol: null,
6 verbose parsed url   slashes: null,
6 verbose parsed url   auth: null,
6 verbose parsed url   host: null,
6 verbose parsed url   port: null,
6 verbose parsed url   hostname: null,
6 verbose parsed url   hash: null,
6 verbose parsed url   search: null,
6 verbose parsed url   query: null,
6 verbose parsed url   pathname: 'xml2json-command',
6 verbose parsed url   path: 'xml2json-command',
6 verbose parsed url   href: 'xml2json-command' }
7 silly lockFile 111dfd20-xml2json-command xml2json-command
8 verbose lock xml2json-command /Users/lukewhyte/.npm/111dfd20-xml2json-command.lock
9 silly lockFile 111dfd20-xml2json-command xml2json-command
10 silly lockFile 111dfd20-xml2json-command xml2json-command
11 verbose addNamed [ 'xml2json-command', '' ]
12 verbose addNamed [ null, '*' ]
13 silly lockFile d634d34e-xml2json-command xml2json-command@
14 verbose lock xml2json-command@ /Users/lukewhyte/.npm/d634d34e-xml2json-command.lock
15 silly addNameRange { name: 'xml2json-command', range: '*', hasData: false }
16 verbose request where is /xml2json-command
17 verbose request registry https://registry.npmjs.org/
18 verbose request id 9c2cf13171219edf
19 verbose url raw /xml2json-command
20 verbose url resolving [ 'https://registry.npmjs.org/', './xml2json-command' ]
21 verbose url resolved https://registry.npmjs.org/xml2json-command
22 verbose request where is https://registry.npmjs.org/xml2json-command
23 info trying registry request attempt 1 at 21:26:01
24 verbose etag "1P61BHTPKXH7R2WXQY32MFBQZ"
25 http GET https://registry.npmjs.org/xml2json-command
26 http 304 https://registry.npmjs.org/xml2json-command
27 silly registry.get cb [ 304,
27 silly registry.get   { date: 'Wed, 08 Oct 2014 04:26:01 GMT',
27 silly registry.get     server: 'Apache',
27 silly registry.get     via: '1.1 varnish',
27 silly registry.get     'last-modified': 'Wed, 08 Oct 2014 04:26:01 GMT',
27 silly registry.get     'cache-control': 'max-age=60',
27 silly registry.get     etag: '"1P61BHTPKXH7R2WXQY32MFBQZ"',
27 silly registry.get     'x-served-by': 'cache-sjc3127-SJC',
27 silly registry.get     'x-cache': 'MISS',
27 silly registry.get     'x-cache-hits': '0',
27 silly registry.get     'x-timer': 'S1412742361.607830,VS0,VE31',
27 silly registry.get     vary: 'Accept',
27 silly registry.get     'content-length': '0',
27 silly registry.get     'keep-alive': 'timeout=10, max=50',
27 silly registry.get     connection: 'Keep-Alive' } ]
28 verbose etag https://registry.npmjs.org/xml2json-command from cache
29 silly addNameRange number 2 { name: 'xml2json-command', range: '*', hasData: true }
30 silly addNameRange versions [ 'xml2json-command', [ '0.0.2' ] ]
31 verbose addNamed [ 'xml2json-command', '0.0.2' ]
32 verbose addNamed [ '0.0.2', '0.0.2' ]
33 silly lockFile daa743f0-xml2json-command-0-0-2 xml2json-command@0.0.2
34 verbose lock xml2json-command@0.0.2 /Users/lukewhyte/.npm/daa743f0-xml2json-command-0-0-2.lock
35 silly lockFile daa743f0-xml2json-command-0-0-2 xml2json-command@0.0.2
36 silly lockFile daa743f0-xml2json-command-0-0-2 xml2json-command@0.0.2
37 silly lockFile d634d34e-xml2json-command xml2json-command@
38 silly lockFile d634d34e-xml2json-command xml2json-command@
39 silly resolved [ { name: 'xml2json-command',
39 silly resolved     version: '0.0.2',
39 silly resolved     description: 'Convert an XML input to a JSON output, using xml-mapping',
39 silly resolved     main: 'xml2json.js',
39 silly resolved     bin: { xml2json: 'bin.js' },
39 silly resolved     preferGlobal: true,
39 silly resolved     dependencies: { 'xml-mapping': '1.0.x' },
39 silly resolved     devDependencies: {},
39 silly resolved     scripts: { test: 'echo "Error: no test specified" && exit 1' },
39 silly resolved     homepage: 'https://github.com/parmentf/xml2json',
39 silly resolved     repository: { type: 'git', url: 'https://github.com/parmentf/xml2json.git' },
39 silly resolved     keywords: [ 'xml', 'json', 'xml2json' ],
39 silly resolved     author: { name: 'François Parmentier' },
39 silly resolved     license: 'MIT',
39 silly resolved     readmeFilename: 'README.md',
39 silly resolved     readme: '# xml2json command\n\nCommand that converts an XML input to a JSON output, using \n[xml-mapping](https://github.com/lindory-project/node-xml-mapping) npm \nmodule.\n\n## Installation\n\nGet the source code, then install dependency, using [npm](http://npmjs.org):\n\n    $ npm install xml2json-command\n\n## Usage\n\n    $ xml2json < input.xml > output.json\n\n## Also\n\n* [https://github.com/lindory-project/node-xml-mapping](https://github.com/lindory-project/node-xml-mapping)\n* [https://github.com/buglabs/node-xml2json](https://github.com/buglabs/node-xml2json)\n\n## License\n(The MIT License)\n\nCopyright 2012 BugLabs. All rights reserved.\n\nPermission is hereby granted, free of charge, to any person obtaining a copy\nof this software and associated documentation files (the "Software"), to\ndeal in the Software without restriction, including without limitation the\nrights to use, copy, modify, merge, publish, distribute, sublicense, and/or\nsell copies of the Software, and to permit persons to whom the Software is\nfurnished to do so, subject to the following conditions:\n\nThe above copyright notice and this permission notice shall be included in\nall copies or substantial portions of the Software.\n\nTHE SOFTWARE IS PROVIDED "AS IS", WITHOUT WARRANTY OF ANY KIND, EXPRESS OR\nIMPLIED, INCLUDING BUT NOT LIMITED TO THE WARRANTIES OF MERCHANTABILITY,\nFITNESS FOR A PARTICULAR PURPOSE AND NONINFRINGEMENT. IN NO EVENT SHALL THE\nAUTHORS OR COPYRIGHT HOLDERS BE LIABLE FOR ANY CLAIM, DAMAGES OR OTHER\nLIABILITY, WHETHER IN AN ACTION OF CONTRACT, TORT OR OTHERWISE, ARISING\nFROM, OUT OF OR IN CONNECTION WITH THE SOFTWARE OR THE USE OR OTHER DEALINGS\nIN THE SOFTWARE.',
39 silly resolved     _id: 'xml2json-command@0.0.2',
39 silly resolved     dist:
39 silly resolved      { shasum: '1b9c5d18c2432219a9e9028361ea49b34a7453a2',
39 silly resolved        tarball: 'http://registry.npmjs.org/xml2json-command/-/xml2json-command-0.0.2.tgz' },
39 silly resolved     _npmVersion: '1.1.65',
39 silly resolved     _npmUser: { name: 'parmentf', email: 'francois.parmentier@gmail.com' },
39 silly resolved     maintainers: [ [Object] ],
39 silly resolved     directories: {},
39 silly resolved     _shasum: '1b9c5d18c2432219a9e9028361ea49b34a7453a2',
39 silly resolved     _from: 'xml2json-command@',
39 silly resolved     _resolved: 'https://registry.npmjs.org/xml2json-command/-/xml2json-command-0.0.2.tgz',
39 silly resolved     bugs: { url: 'https://github.com/parmentf/xml2json/issues' } } ]
40 info install xml2json-command@0.0.2 into /usr/local/lib
41 info installOne xml2json-command@0.0.2
42 verbose lib/node_modules/xml2json-command unbuild
43 verbose tar unpack /Users/lukewhyte/.npm/xml2json-command/0.0.2/package.tgz
44 silly lockFile 8ec53447-ib-node-modules-xml2json-command tar:///usr/local/lib/node_modules/xml2json-command
45 verbose lock tar:///usr/local/lib/node_modules/xml2json-command /Users/lukewhyte/.npm/8ec53447-ib-node-modules-xml2json-command.lock
46 silly lockFile 9181dbf3-l2json-command-0-0-2-package-tgz tar:///Users/lukewhyte/.npm/xml2json-command/0.0.2/package.tgz
47 verbose lock tar:///Users/lukewhyte/.npm/xml2json-command/0.0.2/package.tgz /Users/lukewhyte/.npm/9181dbf3-l2json-command-0-0-2-package-tgz.lock
48 silly gunzTarPerm modes [ '755', '644' ]
49 error Error: EACCES, mkdir '/usr/local/lib/node_modules/xml2json-command'
49 error  { [Error: EACCES, mkdir '/usr/local/lib/node_modules/xml2json-command']
49 error   errno: 3,
49 error   code: 'EACCES',
49 error   path: '/usr/local/lib/node_modules/xml2json-command',
49 error   fstream_type: 'Directory',
49 error   fstream_path: '/usr/local/lib/node_modules/xml2json-command',
49 error   fstream_class: 'DirWriter',
49 error   fstream_stack:
49 error    [ '/usr/local/lib/node_modules/npm/node_modules/fstream/lib/dir-writer.js:36:23',
49 error      '/usr/local/lib/node_modules/npm/node_modules/mkdirp/index.js:46:53',
49 error      'Object.oncomplete (fs.js:107:15)' ] }
50 error Please try running this command again as root/Administrator.
51 error System Darwin 11.4.2
52 error command "/usr/local/bin/node" "/usr/local/bin/npm" "install" "-g" "xml2json-command"
53 error cwd /Users/lukewhyte/Documents/CensusGopher/js
54 error node -v v0.10.32
55 error npm -v 1.4.28
56 error path /usr/local/lib/node_modules/xml2json-command
57 error fstream_path /usr/local/lib/node_modules/xml2json-command
58 error fstream_type Directory
59 error fstream_class DirWriter
60 error code EACCES
61 error errno 3
62 error stack Error: EACCES, mkdir '/usr/local/lib/node_modules/xml2json-command'
63 error fstream_stack /usr/local/lib/node_modules/npm/node_modules/fstream/lib/dir-writer.js:36:23
63 error fstream_stack /usr/local/lib/node_modules/npm/node_modules/mkdirp/index.js:46:53
63 error fstream_stack Object.oncomplete (fs.js:107:15)
64 verbose exit [ 3, true ]
