0 info it worked if it ends with ok
1 verbose cli [ '/usr/local/bin/node',
1 verbose cli   '/usr/local/bin/npm',
1 verbose cli   'install',
1 verbose cli   '-g',
1 verbose cli   'underscore-cli' ]
2 info using npm@1.4.28
3 info using node@v0.10.32
4 verbose cache add [ 'underscore-cli', null ]
5 verbose cache add name=undefined spec="underscore-cli" args=["underscore-cli",null]
6 verbose parsed url { protocol: null,
6 verbose parsed url   slashes: null,
6 verbose parsed url   auth: null,
6 verbose parsed url   host: null,
6 verbose parsed url   port: null,
6 verbose parsed url   hostname: null,
6 verbose parsed url   hash: null,
6 verbose parsed url   search: null,
6 verbose parsed url   query: null,
6 verbose parsed url   pathname: 'underscore-cli',
6 verbose parsed url   path: 'underscore-cli',
6 verbose parsed url   href: 'underscore-cli' }
7 silly lockFile 6e3b1a45-underscore-cli underscore-cli
8 verbose lock underscore-cli /Users/lukewhyte/.npm/6e3b1a45-underscore-cli.lock
9 silly lockFile 6e3b1a45-underscore-cli underscore-cli
10 silly lockFile 6e3b1a45-underscore-cli underscore-cli
11 verbose addNamed [ 'underscore-cli', '' ]
12 verbose addNamed [ null, '*' ]
13 silly lockFile 0e8dbf7c-underscore-cli underscore-cli@
14 verbose lock underscore-cli@ /Users/lukewhyte/.npm/0e8dbf7c-underscore-cli.lock
15 silly addNameRange { name: 'underscore-cli', range: '*', hasData: false }
16 verbose request where is /underscore-cli
17 verbose request registry https://registry.npmjs.org/
18 verbose request id c8ad85fafa263c25
19 verbose url raw /underscore-cli
20 verbose url resolving [ 'https://registry.npmjs.org/', './underscore-cli' ]
21 verbose url resolved https://registry.npmjs.org/underscore-cli
22 verbose request where is https://registry.npmjs.org/underscore-cli
23 info trying registry request attempt 1 at 18:34:51
24 http GET https://registry.npmjs.org/underscore-cli
25 http 200 https://registry.npmjs.org/underscore-cli
26 silly registry.get cb [ 200,
26 silly registry.get   { date: 'Mon, 13 Oct 2014 01:34:46 GMT',
26 silly registry.get     server: 'CouchDB/1.5.0 (Erlang OTP/R16B03)',
26 silly registry.get     etag: '"2D9F1QVRES0X12GQX6BYUEUGL"',
26 silly registry.get     'content-type': 'application/json',
26 silly registry.get     'cache-control': 'max-age=60',
26 silly registry.get     'content-length': '55121',
26 silly registry.get     'accept-ranges': 'bytes',
26 silly registry.get     via: '1.1 varnish',
26 silly registry.get     age: '0',
26 silly registry.get     'x-served-by': 'cache-lax1430-LAX',
26 silly registry.get     'x-cache': 'MISS',
26 silly registry.get     'x-cache-hits': '0',
26 silly registry.get     'x-timer': 'S1413164086.650843,VS0,VE303',
26 silly registry.get     vary: 'Accept',
26 silly registry.get     'keep-alive': 'timeout=10, max=50',
26 silly registry.get     connection: 'Keep-Alive' } ]
27 silly addNameRange number 2 { name: 'underscore-cli', range: '*', hasData: true }
28 silly addNameRange versions [ 'underscore-cli',
28 silly addNameRange   [ '0.1.0',
28 silly addNameRange     '0.2.1',
28 silly addNameRange     '0.2.2',
28 silly addNameRange     '0.2.3',
28 silly addNameRange     '0.2.4',
28 silly addNameRange     '0.2.5',
28 silly addNameRange     '0.2.6',
28 silly addNameRange     '0.2.7',
28 silly addNameRange     '0.2.8',
28 silly addNameRange     '0.2.10',
28 silly addNameRange     '0.2.11',
28 silly addNameRange     '0.2.12',
28 silly addNameRange     '0.2.13',
28 silly addNameRange     '0.2.15',
28 silly addNameRange     '0.2.16',
28 silly addNameRange     '0.2.17',
28 silly addNameRange     '0.2.18' ] ]
29 verbose addNamed [ 'underscore-cli', '0.2.18' ]
30 verbose addNamed [ '0.2.18', '0.2.18' ]
31 silly lockFile cd0e8d28-underscore-cli-0-2-18 underscore-cli@0.2.18
32 verbose lock underscore-cli@0.2.18 /Users/lukewhyte/.npm/cd0e8d28-underscore-cli-0-2-18.lock
33 silly lockFile fe1dd170-re-cli-underscore-cli-0-2-18-tgz https://registry.npmjs.org/underscore-cli/-/underscore-cli-0.2.18.tgz
34 verbose lock https://registry.npmjs.org/underscore-cli/-/underscore-cli-0.2.18.tgz /Users/lukewhyte/.npm/fe1dd170-re-cli-underscore-cli-0-2-18-tgz.lock
35 verbose addRemoteTarball [ 'https://registry.npmjs.org/underscore-cli/-/underscore-cli-0.2.18.tgz',
35 verbose addRemoteTarball   'a3b09492f642ef7a6ab7ad70022f7bf8a2ffaf1f' ]
36 info retry fetch attempt 1 at 18:34:52
37 verbose fetch to= /var/folders/_b/qgvp13wn1qzb90jxhj21ckbr0000gn/T/npm-45014-GVfFlsxf/registry.npmjs.org/underscore-cli/-/underscore-cli-0.2.18.tgz
38 http GET https://registry.npmjs.org/underscore-cli/-/underscore-cli-0.2.18.tgz
39 http 200 https://registry.npmjs.org/underscore-cli/-/underscore-cli-0.2.18.tgz
40 silly lockFile fe1dd170-re-cli-underscore-cli-0-2-18-tgz https://registry.npmjs.org/underscore-cli/-/underscore-cli-0.2.18.tgz
41 silly lockFile fe1dd170-re-cli-underscore-cli-0-2-18-tgz https://registry.npmjs.org/underscore-cli/-/underscore-cli-0.2.18.tgz
42 silly lockFile cd0e8d28-underscore-cli-0-2-18 underscore-cli@0.2.18
43 silly lockFile cd0e8d28-underscore-cli-0-2-18 underscore-cli@0.2.18
44 silly lockFile 0e8dbf7c-underscore-cli underscore-cli@
45 silly lockFile 0e8dbf7c-underscore-cli underscore-cli@
46 silly resolved [ { name: 'underscore-cli',
46 silly resolved     description: 'Command-line interface to underscore.js - useful for shell scripting and JSON processing',
46 silly resolved     version: '0.2.18',
46 silly resolved     contributors: [ [Object] ],
46 silly resolved     dependencies:
46 silly resolved      { underscore: '>= 1.3.3',
46 silly resolved        'underscore.string': '*',
46 silly resolved        commander: '1.0.5',
46 silly resolved        'coffee-script': '*',
46 silly resolved        JSONSelect: '*',
46 silly resolved        msgpack: '*' },
46 silly resolved     optionalDependencies: { 'coffee-script': '*', JSONSelect: '*', msgpack: '*' },
46 silly resolved     devDependencies: { mocha: '*' },
46 silly resolved     main: 'index.js',
46 silly resolved     directories: { bin: './bin' },
46 silly resolved     repository:
46 silly resolved      { type: 'git',
46 silly resolved        url: 'git://github.com/ddopson/underscore-cli.git' },
46 silly resolved     scripts: { test: 'vows --spec test/*-test.js' },
46 silly resolved     bin: { underscore: 'bin/underscore' },
46 silly resolved     bugs: { url: 'https://github.com/ddopson/underscore-cli/issues' },
46 silly resolved     homepage: 'https://github.com/ddopson/underscore-cli',
46 silly resolved     _id: 'underscore-cli@0.2.18',
46 silly resolved     _shasum: 'a3b09492f642ef7a6ab7ad70022f7bf8a2ffaf1f',
46 silly resolved     _resolved: 'https://registry.npmjs.org/underscore-cli/-/underscore-cli-0.2.18.tgz',
46 silly resolved     _from: 'underscore-cli@',
46 silly resolved     _npmVersion: '1.4.28',
46 silly resolved     _npmUser: { name: 'ddopson', email: 'ddopson@gmail.com' },
46 silly resolved     maintainers: [ [Object] ],
46 silly resolved     dist:
46 silly resolved      { shasum: 'a3b09492f642ef7a6ab7ad70022f7bf8a2ffaf1f',
46 silly resolved        tarball: 'http://registry.npmjs.org/underscore-cli/-/underscore-cli-0.2.18.tgz' } } ]
47 info install underscore-cli@0.2.18 into /usr/local/lib
48 info installOne underscore-cli@0.2.18
49 verbose lib/node_modules/underscore-cli unbuild
50 verbose tar unpack /Users/lukewhyte/.npm/underscore-cli/0.2.18/package.tgz
51 silly lockFile 2ff5ca26--lib-node-modules-underscore-cli tar:///usr/local/lib/node_modules/underscore-cli
52 verbose lock tar:///usr/local/lib/node_modules/underscore-cli /Users/lukewhyte/.npm/2ff5ca26--lib-node-modules-underscore-cli.lock
53 silly lockFile 2f6698b0-nderscore-cli-0-2-18-package-tgz tar:///Users/lukewhyte/.npm/underscore-cli/0.2.18/package.tgz
54 verbose lock tar:///Users/lukewhyte/.npm/underscore-cli/0.2.18/package.tgz /Users/lukewhyte/.npm/2f6698b0-nderscore-cli-0-2-18-package-tgz.lock
55 silly gunzTarPerm modes [ '755', '644' ]
56 error Error: EACCES, mkdir '/usr/local/lib/node_modules/underscore-cli'
56 error  { [Error: EACCES, mkdir '/usr/local/lib/node_modules/underscore-cli']
56 error   errno: 3,
56 error   code: 'EACCES',
56 error   path: '/usr/local/lib/node_modules/underscore-cli',
56 error   fstream_type: 'Directory',
56 error   fstream_path: '/usr/local/lib/node_modules/underscore-cli',
56 error   fstream_class: 'DirWriter',
56 error   fstream_stack:
56 error    [ '/usr/local/lib/node_modules/npm/node_modules/fstream/lib/dir-writer.js:36:23',
56 error      '/usr/local/lib/node_modules/npm/node_modules/mkdirp/index.js:46:53',
56 error      'Object.oncomplete (fs.js:107:15)' ] }
57 error Please try running this command again as root/Administrator.
58 error System Darwin 11.4.2
59 error command "/usr/local/bin/node" "/usr/local/bin/npm" "install" "-g" "underscore-cli"
60 error cwd /Users/lukewhyte/Documents/CensusGopher
61 error node -v v0.10.32
62 error npm -v 1.4.28
63 error path /usr/local/lib/node_modules/underscore-cli
64 error fstream_path /usr/local/lib/node_modules/underscore-cli
65 error fstream_type Directory
66 error fstream_class DirWriter
67 error code EACCES
68 error errno 3
69 error stack Error: EACCES, mkdir '/usr/local/lib/node_modules/underscore-cli'
70 error fstream_stack /usr/local/lib/node_modules/npm/node_modules/fstream/lib/dir-writer.js:36:23
70 error fstream_stack /usr/local/lib/node_modules/npm/node_modules/mkdirp/index.js:46:53
70 error fstream_stack Object.oncomplete (fs.js:107:15)
71 verbose exit [ 3, true ]
